<?xml version="1.0" encoding="UTF-8"?>
<!-- Generated by org.testng.reporters.JUnitReportReporter -->
<testsuite hostname="Ashok" failures="0" tests="4" name="annotations.ActiTime" time="15.206" errors="0" timestamp="2022-01-13T16:14:10 IST" skipped="0">
  <testcase classname="annotations.ActiTime" name="actiTimePage" time="6.386"/>
  <system-out/>
  <testcase classname="annotations.ActiTime" name="verifyLoginPage" time="0.011"/>
  <system-out/>
  <testcase classname="annotations.ActiTime" name="logIn" time="6.320"/>
  <system-out/>
  <testcase classname="annotations.ActiTime" name="verifyHomepage" time="2.489"/>
  <system-out/>
</testsuite> <!-- annotations.ActiTime -->
