<?xml version="1.0" encoding="UTF-8"?>
<!-- Generated by org.testng.reporters.JUnitReportReporter -->
<testsuite hostname="Ashok" failures="0" tests="2" name="genericLib.TodayWork" time="12.847" errors="0" timestamp="2022-01-24T16:23:18 IST" skipped="0">
  <testcase classname="genericLib.TodayWork" name="faceBookSingUP" time="3.537"/>
  <system-out/>
  <testcase classname="genericLib.TodayWork" name="filpkart" time="9.310"/>
  <system-out/>
</testsuite> <!-- genericLib.TodayWork -->
