<?xml version="1.0" encoding="UTF-8"?>
<!-- Generated by org.testng.reporters.JUnitReportReporter -->
<testsuite hostname="Ashok" failures="0" tests="3" name="annotations.HandlingSaticDropdown" time="101.568" errors="0" timestamp="2022-01-18T16:01:48 IST" skipped="0">
  <testcase classname="annotations.HandlingSaticDropdown" name="openDropdown" time="100.998"/>
  <system-out/>
  <testcase classname="annotations.HandlingSaticDropdown" name="singleSelectDropdown" time="0.245"/>
  <system-out/>
  <testcase classname="annotations.HandlingSaticDropdown" name="multiselectDropDown" time="0.325"/>
  <system-out>
    <![CDATA[Yes, It is a MultiSelect - Dropdown]]>
  </system-out>
</testsuite> <!-- annotations.HandlingSaticDropdown -->
