<?xml version="1.0" encoding="UTF-8"?>
<!-- Generated by org.testng.reporters.JUnitReportReporter -->
<testsuite hostname="Ashok" failures="0" tests="3" name="annotations.Test1" time="0.008" errors="0" timestamp="2022-01-13T16:10:38 IST" skipped="0">
  <testcase classname="annotations.Test1" name="test" time="0.007"/>
  <system-out>
    <![CDATA[It will Run through @Test Annotations]]>
  </system-out>
  <testcase classname="annotations.Test1" name="test" time="0.000"/>
  <system-out>
    <![CDATA[It will Run through @Test Annotations]]>
  </system-out>
  <testcase classname="annotations.Test1" name="test" time="0.001"/>
  <system-out>
    <![CDATA[It will Run through @Test Annotations]]>
  </system-out>
</testsuite> <!-- annotations.Test1 -->
