<?xml version="1.0" encoding="UTF-8"?>
<!-- Generated by org.testng.reporters.JUnitReportReporter -->
<testsuite hostname="Ashok" failures="0" tests="2" name="annotations.Test3" time="0.007" errors="0" timestamp="2022-01-13T16:37:45 IST" skipped="0">
  <testcase classname="annotations.Test3" name="test02" time="0.002"/>
  <system-out>
    <![CDATA[test2]]>
  </system-out>
  <testcase classname="annotations.Test3" name="test01" time="0.005"/>
  <system-out>
    <![CDATA[test1]]>
  </system-out>
</testsuite> <!-- annotations.Test3 -->
