<?xml version="1.0" encoding="UTF-8"?>
<!-- Generated by org.testng.reporters.JUnitReportReporter -->
<testsuite hostname="Ashok" failures="0" tests="3" name="annotations.DargAndDrop" time="18.107" errors="0" timestamp="2022-01-27T17:17:06 IST" skipped="0">
  <testcase classname="annotations.DargAndDrop" name="dargAndDrop" time="6.928"/>
  <system-out/>
  <testcase classname="annotations.DargAndDrop" name="darggable" time="5.497"/>
  <system-out/>
  <testcase classname="annotations.DargAndDrop" name="resizable" time="5.682"/>
  <system-out/>
</testsuite> <!-- annotations.DargAndDrop -->
