<?xml version="1.0" encoding="UTF-8"?>
<!-- Generated by org.testng.reporters.JUnitReportReporter -->
<testsuite hostname="Ashok" failures="0" tests="1" name="genericLib.Flipkart" time="10.432" errors="0" timestamp="2022-01-24T16:17:38 IST" skipped="0">
  <testcase classname="genericLib.Flipkart" name="filpkart" time="10.432"/>
  <system-out/>
</testsuite> <!-- genericLib.Flipkart -->
