<?xml version="1.0" encoding="UTF-8"?>
<!-- Generated by org.testng.reporters.JUnitReportReporter -->
<testsuite hostname="Ashok" failures="0" tests="1" name="assertions.TestNgAssertions" time="9.166" errors="0" timestamp="2022-01-28T11:23:36 IST" skipped="0">
  <testcase classname="assertions.TestNgAssertions" name="assertions" time="9.166"/>
  <system-out/>
</testsuite> <!-- assertions.TestNgAssertions -->
