<?xml version="1.0" encoding="UTF-8"?>
<!-- Generated by org.testng.reporters.JUnitReportReporter -->
<testsuite hostname="Ashok" failures="0" tests="1" name="javaScriptExecutorDemo.DemoJavaScriptExecutor" time="14.145" errors="0" timestamp="2022-01-31T17:39:10 IST" skipped="0">
  <testcase classname="javaScriptExecutorDemo.DemoJavaScriptExecutor" name="jsExe" time="14.145"/>
  <system-out>
    <![CDATA[Page URL :https://www.hyrtutorials.com/p/basic-controls.html
Webpage Title :Basic Controls - H Y R Tutorials
Domain Name :www.hyrtutorials.com]]>
  </system-out>
</testsuite> <!-- javaScriptExecutorDemo.DemoJavaScriptExecutor -->
