<?xml version="1.0" encoding="UTF-8"?>
<!-- Generated by org.testng.reporters.JUnitReportReporter -->
<testsuite hostname="Ashok" failures="0" tests="1" name="annotations.Edge" time="9.299" errors="0" timestamp="2022-01-25T12:40:42 IST" skipped="0">
  <testcase classname="annotations.Edge" name="edge" time="9.299"/>
  <system-out>
    <![CDATA[File Uploaded!]]>
  </system-out>
</testsuite> <!-- annotations.Edge -->
