<?xml version="1.0" encoding="UTF-8"?>
<!-- Generated by org.testng.reporters.JUnitReportReporter -->
<testsuite hostname="Ashok" failures="0" tests="5" name="annotations.Test2" time="0.004" errors="0" timestamp="2022-01-13T15:03:54 IST" skipped="0">
  <testcase classname="annotations.Test2" name="ashok" time="0.001"/>
  <system-out>
    <![CDATA[Ashok]]>
  </system-out>
  <testcase classname="annotations.Test2" name="test" time="0.001"/>
  <system-out>
    <![CDATA[test04]]>
  </system-out>
  <testcase classname="annotations.Test2" name="test2" time="0.001"/>
  <system-out>
    <![CDATA[test02]]>
  </system-out>
  <testcase classname="annotations.Test2" name="test3" time="0.000"/>
  <system-out>
    <![CDATA[test03]]>
  </system-out>
  <testcase classname="annotations.Test2" name="test1" time="0.001"/>
  <system-out>
    <![CDATA[test01]]>
  </system-out>
</testsuite> <!-- annotations.Test2 -->
